# JRE version: OpenJDK Runtime Environment (8.0_242-b01) (build 1.8.0_242-release-1644-b01)
# Java VM: OpenJDK 64-Bit Server VM (25.242-b01 mixed mode windows-amd64 compressed oops)
Heap:
 PSYoungGen      total 416256K, used 56376K [0x00000000e0000000, 0x00000000fff80000, 0x0000000100000000)
  eden space 384512K, 14% used [0x00000000e0000000,0x00000000e370e108,0x00000000f7780000)
  from space 31744K, 0% used [0x00000000f7780000,0x00000000f7780000,0x00000000f9680000)
  to   space 43008K, 0% used [0x00000000fd580000,0x00000000fd580000,0x00000000fff80000)
 ParOldGen       total 174080K, used 102406K [0x00000000a0000000, 0x00000000aaa00000, 0x00000000e0000000)
  object space 174080K, 58% used [0x00000000a0000000,0x00000000a64018d0,0x00000000aaa00000)
 Metaspace       used 102917K, capacity 107142K, committed 107416K, reserved 1142784K
  class space    used 13439K, capacity 14378K, committed 14488K, reserved 1048576K
GC Heap History (10 events):
Event: 215.942 GC heap before
{Heap before GC invocations=40 (full 4):
 PSYoungGen      total 325632K, used 311470K [0x00000000e0000000, 0x00000000f7800000, 0x0000000100000000)
  eden space 307200K, 100% used [0x00000000e0000000,0x00000000f2c00000,0x00000000f2c00000)
  from space 18432K, 23% used [0x00000000f2c00000,0x00000000f302b820,0x00000000f3e00000)
  to   space 17920K, 0% used [0x00000000f6680000,0x00000000f6680000,0x00000000f7800000)
 ParOldGen       total 116224K, used 64579K [0x00000000a0000000, 0x00000000a7180000, 0x00000000e0000000)
  object space 116224K, 55% used [0x00000000a0000000,0x00000000a3f10df8,0x00000000a7180000)
 Metaspace       used 79952K, capacity 83068K, committed 83224K, reserved 1122304K
  class space    used 10532K, capacity 11197K, committed 11288K, reserved 1048576K
Event: 215.983 GC heap after
Heap after GC invocations=40 (full 4):
 PSYoungGen      total 367616K, used 1319K [0x00000000e0000000, 0x00000000f7a80000, 0x0000000100000000)
  eden space 349696K, 0% used [0x00000000e0000000,0x00000000e0000000,0x00000000f5580000)
  from space 17920K, 7% used [0x00000000f6680000,0x00000000f67c9d40,0x00000000f7800000)
  to   space 17408K, 0% used [0x00000000f5580000,0x00000000f5580000,0x00000000f6680000)
 ParOldGen       total 116224K, used 65147K [0x00000000a0000000, 0x00000000a7180000, 0x00000000e0000000)
  object space 116224K, 56% used [0x00000000a0000000,0x00000000a3f9ee08,0x00000000a7180000)
 Metaspace       used 79952K, capacity 83068K, committed 83224K, reserved 1122304K
  class space    used 10532K, capacity 11197K, committed 11288K, reserved 1048576K
}
Event: 223.045 GC heap before
{Heap before GC invocations=41 (full 4):
 PSYoungGen      total 367616K, used 351015K [0x00000000e0000000, 0x00000000f7a80000, 0x0000000100000000)
  eden space 349696K, 100% used [0x00000000e0000000,0x00000000f5580000,0x00000000f5580000)
  from space 17920K, 7% used [0x00000000f6680000,0x00000000f67c9d40,0x00000000f7800000)
  to   space 17408K, 0% used [0x00000000f5580000,0x00000000f5580000,0x00000000f6680000)
 ParOldGen       total 116224K, used 65147K [0x00000000a0000000, 0x00000000a7180000, 0x00000000e0000000)
  object space 116224K, 56% used [0x00000000a0000000,0x00000000a3f9ee08,0x00000000a7180000)
 Metaspace       used 80682K, capacity 83788K, committed 83992K, reserved 1122304K
  class space    used 10595K, capacity 11279K, committed 11288K, reserved 1048576K
Event: 223.080 GC heap after
Heap after GC invocations=41 (full 4):
 PSYoungGen      total 367104K, used 12159K [0x00000000e0000000, 0x00000000fa880000, 0x0000000100000000)
  eden space 349696K, 0% used [0x00000000e0000000,0x00000000e0000000,0x00000000f5580000)
  from space 17408K, 69% used [0x00000000f5580000,0x00000000f615ff98,0x00000000f6680000)
  to   space 18432K, 0% used [0x00000000f9680000,0x00000000f9680000,0x00000000fa880000)
 ParOldGen       total 116224K, used 65236K [0x00000000a0000000, 0x00000000a7180000, 0x00000000e0000000)
  object space 116224K, 56% used [0x00000000a0000000,0x00000000a3fb5168,0x00000000a7180000)
 Metaspace       used 80682K, capacity 83788K, committed 83992K, reserved 1122304K
  class space    used 10595K, capacity 11279K, committed 11288K, reserved 1048576K
}
Event: 319.532 GC heap before
{Heap before GC invocations=42 (full 4):
 PSYoungGen      total 367104K, used 361855K [0x00000000e0000000, 0x00000000fa880000, 0x0000000100000000)
  eden space 349696K, 100% used [0x00000000e0000000,0x00000000f5580000,0x00000000f5580000)
  from space 17408K, 69% used [0x00000000f5580000,0x00000000f615ff98,0x00000000f6680000)
  to   space 18432K, 0% used [0x00000000f9680000,0x00000000f9680000,0x00000000fa880000)
 ParOldGen       total 116224K, used 65236K [0x00000000a0000000, 0x00000000a7180000, 0x00000000e0000000)
  object space 116224K, 56% used [0x00000000a0000000,0x00000000a3fb5168,0x00000000a7180000)
 Metaspace       used 97702K, capacity 101690K, committed 101784K, reserved 1136640K
  class space    used 12735K, capacity 13638K, committed 13720K, reserved 1048576K
Event: 319.685 GC heap after
Heap after GC invocations=42 (full 4):
 PSYoungGen      total 402944K, used 18407K [0x00000000e0000000, 0x00000000fbd00000, 0x0000000100000000)
  eden space 384512K, 0% used [0x00000000e0000000,0x00000000e0000000,0x00000000f7780000)
  from space 18432K, 99% used [0x00000000f9680000,0x00000000fa879f78,0x00000000fa880000)
  to   space 31744K, 0% used [0x00000000f7780000,0x00000000f7780000,0x00000000f9680000)
 ParOldGen       total 116224K, used 91862K [0x00000000a0000000, 0x00000000a7180000, 0x00000000e0000000)
  object space 116224K, 79% used [0x00000000a0000000,0x00000000a59b5820,0x00000000a7180000)
 Metaspace       used 97702K, capacity 101690K, committed 101784K, reserved 1136640K
  class space    used 12735K, capacity 13638K, committed 13720K, reserved 1048576K
}
Event: 333.525 GC heap before
{Heap before GC invocations=43 (full 4):
 PSYoungGen      total 402944K, used 402919K [0x00000000e0000000, 0x00000000fbd00000, 0x0000000100000000)
  eden space 384512K, 100% used [0x00000000e0000000,0x00000000f7780000,0x00000000f7780000)
  from space 18432K, 99% used [0x00000000f9680000,0x00000000fa879f78,0x00000000fa880000)
  to   space 31744K, 0% used [0x00000000f7780000,0x00000000f7780000,0x00000000f9680000)
 ParOldGen       total 116224K, used 91862K [0x00000000a0000000, 0x00000000a7180000, 0x00000000e0000000)
  object space 116224K, 79% used [0x00000000a0000000,0x00000000a59b5820,0x00000000a7180000)
 Metaspace       used 102487K, capacity 106526K, committed 106776K, reserved 1142784K
  class space    used 13370K, capacity 14282K, committed 14360K, reserved 1048576K
Event: 333.789 GC heap after
Heap after GC invocations=43 (full 4):
 PSYoungGen      total 416256K, used 31737K [0x00000000e0000000, 0x00000000fff80000, 0x0000000100000000)
  eden space 384512K, 0% used [0x00000000e0000000,0x00000000e0000000,0x00000000f7780000)
  from space 31744K, 99% used [0x00000000f7780000,0x00000000f967e7d8,0x00000000f9680000)
  to   space 43008K, 0% used [0x00000000fd580000,0x00000000fd580000,0x00000000fff80000)
 ParOldGen       total 116224K, used 106563K [0x00000000a0000000, 0x00000000a7180000, 0x00000000e0000000)
  object space 116224K, 91% used [0x00000000a0000000,0x00000000a6810de0,0x00000000a7180000)
 Metaspace       used 102487K, capacity 106526K, committed 106776K, reserved 1142784K
  class space    used 13370K, capacity 14282K, committed 14360K, reserved 1048576K
}
Event: 333.790 GC heap before
{Heap before GC invocations=44 (full 5):
 PSYoungGen      total 416256K, used 31737K [0x00000000e0000000, 0x00000000fff80000, 0x0000000100000000)
  eden space 384512K, 0% used [0x00000000e0000000,0x00000000e0000000,0x00000000f7780000)
  from space 31744K, 99% used [0x00000000f7780000,0x00000000f967e7d8,0x00000000f9680000)
  to   space 43008K, 0% used [0x00000000fd580000,0x00000000fd580000,0x00000000fff80000)
 ParOldGen       total 116224K, used 106563K [0x00000000a0000000, 0x00000000a7180000, 0x00000000e0000000)
  object space 116224K, 91% used [0x00000000a0000000,0x00000000a6810de0,0x00000000a7180000)
 Metaspace       used 102487K, capacity 106526K, committed 106776K, reserved 1142784K
  class space    used 13370K, capacity 14282K, committed 14360K, reserved 1048576K
Event: 334.502 GC heap after
Heap after GC invocations=44 (full 5):
 PSYoungGen      total 416256K, used 0K [0x00000000e0000000, 0x00000000fff80000, 0x0000000100000000)
  eden space 384512K, 0% used [0x00000000e0000000,0x00000000e0000000,0x00000000f7780000)
  from space 31744K, 0% used [0x00000000f7780000,0x00000000f7780000,0x00000000f9680000)
  to   space 43008K, 0% used [0x00000000fd580000,0x00000000fd580000,0x00000000fff80000)
 ParOldGen       total 174080K, used 102406K [0x00000000a0000000, 0x00000000aaa00000, 0x00000000e0000000)
  object space 174080K, 58% used [0x00000000a0000000,0x00000000a64018d0,0x00000000aaa00000)
 Metaspace       used 102487K, capacity 106526K, committed 106776K, reserved 1142784K
  class space    used 13370K, capacity 14282K, committed 14360K, reserved 1048576K
}

